2025-12-09 09:19:30,783 - INFO - ============================================================
2025-12-09 09:19:30,784 - INFO - Apple Developer System Status Monitor 启动
2025-12-09 09:19:30,784 - INFO - 监控服务: App Store - In-App Purchases
2025-12-09 09:19:30,784 - INFO - 检测间隔: 1800秒 (30分钟)
2025-12-09 09:19:30,784 - INFO - 重试次数: 1
2025-12-09 09:19:30,784 - INFO - ============================================================
2025-12-09 09:19:30,784 - INFO - 开始检测 [2025-12-09 09:19:30]
2025-12-09 09:19:30,792 - DEBUG - Starting new HTTPS connection (1): www.apple.com:443
2025-12-09 09:19:31,627 - DEBUG - https://www.apple.com:443 "GET /support/systemstatus/data/developer/system_status_en_US.js HTTP/1.1" 200 1338
2025-12-09 09:19:31,634 - INFO - 状态数据接口返回：服务正常
2025-12-09 09:19:31,637 - INFO - ================================================================================
2025-12-09 09:19:31,637 - INFO - 检测结果总结 [2025-12-09 09:19:30]
2025-12-09 09:19:31,638 - INFO -   服务名称: App Store - In-App Purchases
2025-12-09 09:19:31,638 - INFO -   检测状态: Available
2025-12-09 09:19:31,638 - INFO -   数据来源: 状态数据接口
2025-12-09 09:19:31,638 - INFO - ================================================================================
2025-12-09 09:19:31,638 - INFO - 服务状态正常: Available
2025-12-09 09:19:31,638 - INFO - 等待 1800秒后进行下次检测...
2025-12-09 09:49:31,666 - INFO - 开始检测 [2025-12-09 09:49:31]
2025-12-09 09:49:31,678 - DEBUG - Starting new HTTPS connection (1): www.apple.com:443
2025-12-09 09:49:32,880 - DEBUG - https://www.apple.com:443 "GET /support/systemstatus/data/developer/system_status_en_US.js HTTP/1.1" 200 1349
2025-12-09 09:49:32,883 - INFO - 状态数据接口返回：服务正常
2025-12-09 09:49:32,887 - INFO - ================================================================================
2025-12-09 09:49:32,888 - INFO - 检测结果总结 [2025-12-09 09:49:31]
2025-12-09 09:49:32,888 - INFO -   服务名称: App Store - In-App Purchases
2025-12-09 09:49:32,889 - INFO -   检测状态: Available
2025-12-09 09:49:32,889 - INFO -   数据来源: 状态数据接口
2025-12-09 09:49:32,889 - INFO - ================================================================================
2025-12-09 09:49:32,889 - INFO - 服务状态正常: Available
2025-12-09 09:49:32,890 - INFO - 等待 1800秒后进行下次检测...
2025-12-09 10:19:32,875 - INFO - 开始检测 [2025-12-09 10:19:32]
2025-12-09 10:19:32,886 - DEBUG - Starting new HTTPS connection (1): www.apple.com:443
2025-12-09 10:19:33,861 - DEBUG - https://www.apple.com:443 "GET /support/systemstatus/data/developer/system_status_en_US.js HTTP/1.1" 200 1333
2025-12-09 10:19:33,862 - INFO - 状态数据接口返回：服务正常
2025-12-09 10:19:33,863 - INFO - ================================================================================
2025-12-09 10:19:33,863 - INFO - 检测结果总结 [2025-12-09 10:19:32]
2025-12-09 10:19:33,863 - INFO -   服务名称: App Store - In-App Purchases
2025-12-09 10:19:33,864 - INFO -   检测状态: Available
2025-12-09 10:19:33,864 - INFO -   数据来源: 状态数据接口
2025-12-09 10:19:33,864 - INFO - ================================================================================
2025-12-09 10:19:33,864 - INFO - 服务状态正常: Available
2025-12-09 10:19:33,865 - INFO - 等待 1800秒后进行下次检测...
2025-12-09 10:49:33,882 - INFO - 开始检测 [2025-12-09 10:49:33]
2025-12-09 10:49:33,898 - DEBUG - Starting new HTTPS connection (1): www.apple.com:443
2025-12-09 10:49:34,613 - DEBUG - https://www.apple.com:443 "GET /support/systemstatus/data/developer/system_status_en_US.js HTTP/1.1" 200 1333
2025-12-09 10:49:34,617 - INFO - 状态数据接口返回：服务正常
2025-12-09 10:49:34,619 - INFO - ================================================================================
2025-12-09 10:49:34,619 - INFO - 检测结果总结 [2025-12-09 10:49:33]
2025-12-09 10:49:34,619 - INFO -   服务名称: App Store - In-App Purchases
2025-12-09 10:49:34,619 - INFO -   检测状态: Available
2025-12-09 10:49:34,619 - INFO -   数据来源: 状态数据接口
2025-12-09 10:49:34,619 - INFO - ================================================================================
2025-12-09 10:49:34,619 - INFO - 服务状态正常: Available
2025-12-09 10:49:34,620 - INFO - 等待 1800秒后进行下次检测...
2025-12-09 11:19:34,668 - INFO - 开始检测 [2025-12-09 11:19:34]
2025-12-09 11:19:34,678 - DEBUG - Starting new HTTPS connection (1): www.apple.com:443
2025-12-09 11:19:36,586 - DEBUG - https://www.apple.com:443 "GET /support/systemstatus/data/developer/system_status_en_US.js HTTP/1.1" 200 1438
2025-12-09 11:19:36,589 - INFO - 状态数据接口返回：服务正常
2025-12-09 11:19:36,592 - INFO - ================================================================================
2025-12-09 11:19:36,593 - INFO - 检测结果总结 [2025-12-09 11:19:34]
2025-12-09 11:19:36,593 - INFO -   服务名称: App Store - In-App Purchases
2025-12-09 11:19:36,593 - INFO -   检测状态: Available
2025-12-09 11:19:36,593 - INFO -   数据来源: 状态数据接口
2025-12-09 11:19:36,593 - INFO - ================================================================================
2025-12-09 11:19:36,593 - INFO - 服务状态正常: Available
2025-12-09 11:19:36,594 - INFO - 等待 1800秒后进行下次检测...
2025-12-09 11:49:36,585 - INFO - 开始检测 [2025-12-09 11:49:36]
2025-12-09 11:49:36,591 - DEBUG - Starting new HTTPS connection (1): www.apple.com:443
2025-12-09 11:49:37,446 - DEBUG - https://www.apple.com:443 "GET /support/systemstatus/data/developer/system_status_en_US.js HTTP/1.1" 200 1438
2025-12-09 11:49:37,449 - INFO - 状态数据接口返回：服务正常
2025-12-09 11:49:37,453 - INFO - ================================================================================
2025-12-09 11:49:37,454 - INFO - 检测结果总结 [2025-12-09 11:49:36]
2025-12-09 11:49:37,454 - INFO -   服务名称: App Store - In-App Purchases
2025-12-09 11:49:37,454 - INFO -   检测状态: Available
2025-12-09 11:49:37,455 - INFO -   数据来源: 状态数据接口
2025-12-09 11:49:37,455 - INFO - ================================================================================
2025-12-09 11:49:37,455 - INFO - 服务状态正常: Available
2025-12-09 11:49:37,458 - INFO - 等待 1800秒后进行下次检测...
2025-12-09 12:19:37,470 - INFO - 开始检测 [2025-12-09 12:19:37]
2025-12-09 12:19:37,483 - DEBUG - Starting new HTTPS connection (1): www.apple.com:443
2025-12-09 12:19:38,580 - DEBUG - https://www.apple.com:443 "GET /support/systemstatus/data/developer/system_status_en_US.js HTTP/1.1" 200 1438
2025-12-09 12:19:38,583 - INFO - 状态数据接口返回：服务正常
2025-12-09 12:19:38,588 - INFO - ================================================================================
2025-12-09 12:19:38,588 - INFO - 检测结果总结 [2025-12-09 12:19:37]
2025-12-09 12:19:38,588 - INFO -   服务名称: App Store - In-App Purchases
2025-12-09 12:19:38,589 - INFO -   检测状态: Available
2025-12-09 12:19:38,589 - INFO -   数据来源: 状态数据接口
2025-12-09 12:19:38,589 - INFO - ================================================================================
2025-12-09 12:19:38,589 - INFO - 服务状态正常: Available
2025-12-09 12:19:38,593 - INFO - 等待 1800秒后进行下次检测...
2025-12-09 12:49:38,629 - INFO - 开始检测 [2025-12-09 12:49:38]
2025-12-09 12:49:38,640 - DEBUG - Starting new HTTPS connection (1): www.apple.com:443
2025-12-09 12:49:39,420 - DEBUG - https://www.apple.com:443 "GET /support/systemstatus/data/developer/system_status_en_US.js HTTP/1.1" 200 1435
2025-12-09 12:49:39,423 - INFO - 状态数据接口返回：服务正常
2025-12-09 12:49:39,430 - INFO - ================================================================================
2025-12-09 12:49:39,430 - INFO - 检测结果总结 [2025-12-09 12:49:38]
2025-12-09 12:49:39,431 - INFO -   服务名称: App Store - In-App Purchases
2025-12-09 12:49:39,431 - INFO -   检测状态: Available
2025-12-09 12:49:39,431 - INFO -   数据来源: 状态数据接口
2025-12-09 12:49:39,432 - INFO - ================================================================================
2025-12-09 12:49:39,432 - INFO - 服务状态正常: Available
2025-12-09 12:49:39,434 - INFO - 等待 1800秒后进行下次检测...
2025-12-09 14:15:32,954 - INFO - 开始检测 [2025-12-09 14:15:32]
2025-12-09 14:15:32,960 - DEBUG - Starting new HTTPS connection (1): www.apple.com:443
2025-12-09 14:15:33,806 - DEBUG - https://www.apple.com:443 "GET /support/systemstatus/data/developer/system_status_en_US.js HTTP/1.1" 200 1435
2025-12-09 14:15:33,819 - INFO - 状态数据接口返回：服务正常
2025-12-09 14:15:33,824 - INFO - ================================================================================
2025-12-09 14:15:33,824 - INFO - 检测结果总结 [2025-12-09 14:15:32]
2025-12-09 14:15:33,824 - INFO -   服务名称: App Store - In-App Purchases
2025-12-09 14:15:33,824 - INFO -   检测状态: Available
2025-12-09 14:15:33,824 - INFO -   数据来源: 状态数据接口
2025-12-09 14:15:33,824 - INFO - ================================================================================
2025-12-09 14:15:33,824 - INFO - 服务状态正常: Available
2025-12-09 14:15:33,825 - INFO - 等待 1800秒后进行下次检测...
2025-12-09 14:45:33,828 - INFO - 开始检测 [2025-12-09 14:45:33]
2025-12-09 14:45:33,842 - DEBUG - Starting new HTTPS connection (1): www.apple.com:443
2025-12-09 14:45:34,602 - DEBUG - https://www.apple.com:443 "GET /support/systemstatus/data/developer/system_status_en_US.js HTTP/1.1" 200 1438
2025-12-09 14:45:34,605 - INFO - 状态数据接口返回：服务正常
2025-12-09 14:45:34,610 - INFO - ================================================================================
2025-12-09 14:45:34,611 - INFO - 检测结果总结 [2025-12-09 14:45:33]
2025-12-09 14:45:34,611 - INFO -   服务名称: App Store - In-App Purchases
2025-12-09 14:45:34,611 - INFO -   检测状态: Available
2025-12-09 14:45:34,611 - INFO -   数据来源: 状态数据接口
2025-12-09 14:45:34,612 - INFO - ================================================================================
2025-12-09 14:45:34,612 - INFO - 服务状态正常: Available
2025-12-09 14:45:34,613 - INFO - 等待 1800秒后进行下次检测...
2025-12-09 15:15:34,616 - INFO - 开始检测 [2025-12-09 15:15:34]
2025-12-09 15:15:34,624 - DEBUG - Starting new HTTPS connection (1): www.apple.com:443
2025-12-09 15:15:35,410 - DEBUG - https://www.apple.com:443 "GET /support/systemstatus/data/developer/system_status_en_US.js HTTP/1.1" 200 1438
2025-12-09 15:15:35,412 - INFO - 状态数据接口返回：服务正常
2025-12-09 15:15:35,417 - INFO - ================================================================================
2025-12-09 15:15:35,418 - INFO - 检测结果总结 [2025-12-09 15:15:34]
2025-12-09 15:15:35,418 - INFO -   服务名称: App Store - In-App Purchases
2025-12-09 15:15:35,418 - INFO -   检测状态: Available
2025-12-09 15:15:35,418 - INFO -   数据来源: 状态数据接口
2025-12-09 15:15:35,418 - INFO - ================================================================================
2025-12-09 15:15:35,419 - INFO - 服务状态正常: Available
2025-12-09 15:15:35,420 - INFO - 等待 1800秒后进行下次检测...
2025-12-09 15:45:35,395 - INFO - 开始检测 [2025-12-09 15:45:35]
2025-12-09 15:45:35,417 - DEBUG - Starting new HTTPS connection (1): www.apple.com:443
2025-12-09 15:45:36,314 - DEBUG - https://www.apple.com:443 "GET /support/systemstatus/data/developer/system_status_en_US.js HTTP/1.1" 200 1438
2025-12-09 15:45:36,318 - INFO - 状态数据接口返回：服务正常
2025-12-09 15:45:36,322 - INFO - ================================================================================
2025-12-09 15:45:36,323 - INFO - 检测结果总结 [2025-12-09 15:45:35]
2025-12-09 15:45:36,323 - INFO -   服务名称: App Store - In-App Purchases
2025-12-09 15:45:36,324 - INFO -   检测状态: Available
2025-12-09 15:45:36,324 - INFO -   数据来源: 状态数据接口
2025-12-09 15:45:36,324 - INFO - ================================================================================
2025-12-09 15:45:36,324 - INFO - 服务状态正常: Available
2025-12-09 15:45:36,325 - INFO - 等待 1800秒后进行下次检测...
2025-12-09 16:15:36,327 - INFO - 开始检测 [2025-12-09 16:15:36]
2025-12-09 16:15:36,355 - DEBUG - Starting new HTTPS connection (1): www.apple.com:443
2025-12-09 16:15:37,428 - DEBUG - https://www.apple.com:443 "GET /support/systemstatus/data/developer/system_status_en_US.js HTTP/1.1" 200 1435
2025-12-09 16:15:37,438 - INFO - 状态数据接口返回：服务正常
2025-12-09 16:15:37,447 - INFO - ================================================================================
2025-12-09 16:15:37,447 - INFO - 检测结果总结 [2025-12-09 16:15:36]
2025-12-09 16:15:37,448 - INFO -   服务名称: App Store - In-App Purchases
2025-12-09 16:15:37,448 - INFO -   检测状态: Available
2025-12-09 16:15:37,448 - INFO -   数据来源: 状态数据接口
2025-12-09 16:15:37,448 - INFO - ================================================================================
2025-12-09 16:15:37,448 - INFO - 服务状态正常: Available
2025-12-09 16:15:37,450 - INFO - 等待 1800秒后进行下次检测...
2025-12-09 16:45:37,583 - INFO - 开始检测 [2025-12-09 16:45:37]
2025-12-09 16:45:37,595 - DEBUG - Starting new HTTPS connection (1): www.apple.com:443
2025-12-09 16:45:38,616 - DEBUG - https://www.apple.com:443 "GET /support/systemstatus/data/developer/system_status_en_US.js HTTP/1.1" 200 1435
2025-12-09 16:45:38,620 - INFO - 状态数据接口返回：服务正常
2025-12-09 16:45:38,624 - INFO - ================================================================================
2025-12-09 16:45:38,624 - INFO - 检测结果总结 [2025-12-09 16:45:37]
2025-12-09 16:45:38,624 - INFO -   服务名称: App Store - In-App Purchases
2025-12-09 16:45:38,625 - INFO -   检测状态: Available
2025-12-09 16:45:38,625 - INFO -   数据来源: 状态数据接口
2025-12-09 16:45:38,625 - INFO - ================================================================================
2025-12-09 16:45:38,625 - INFO - 服务状态正常: Available
2025-12-09 16:45:38,626 - INFO - 等待 1800秒后进行下次检测...
2025-12-09 17:15:38,605 - INFO - 开始检测 [2025-12-09 17:15:38]
2025-12-09 17:15:38,625 - DEBUG - Starting new HTTPS connection (1): www.apple.com:443
2025-12-09 17:15:39,896 - DEBUG - https://www.apple.com:443 "GET /support/systemstatus/data/developer/system_status_en_US.js HTTP/1.1" 200 1435
2025-12-09 17:15:39,904 - INFO - 状态数据接口返回：服务正常
2025-12-09 17:15:39,909 - INFO - ================================================================================
2025-12-09 17:15:39,910 - INFO - 检测结果总结 [2025-12-09 17:15:38]
2025-12-09 17:15:39,910 - INFO -   服务名称: App Store - In-App Purchases
2025-12-09 17:15:39,910 - INFO -   检测状态: Available
2025-12-09 17:15:39,910 - INFO -   数据来源: 状态数据接口
2025-12-09 17:15:39,910 - INFO - ================================================================================
2025-12-09 17:15:39,910 - INFO - 服务状态正常: Available
2025-12-09 17:15:39,912 - INFO - 等待 1800秒后进行下次检测...
2025-12-09 17:45:39,941 - INFO - 开始检测 [2025-12-09 17:45:39]
2025-12-09 17:45:39,955 - DEBUG - Starting new HTTPS connection (1): www.apple.com:443
2025-12-09 17:45:40,923 - DEBUG - https://www.apple.com:443 "GET /support/systemstatus/data/developer/system_status_en_US.js HTTP/1.1" 200 1438
2025-12-09 17:45:40,929 - INFO - 状态数据接口返回：服务正常
2025-12-09 17:45:40,933 - INFO - ================================================================================
2025-12-09 17:45:40,933 - INFO - 检测结果总结 [2025-12-09 17:45:39]
2025-12-09 17:45:40,933 - INFO -   服务名称: App Store - In-App Purchases
2025-12-09 17:45:40,934 - INFO -   检测状态: Available
2025-12-09 17:45:40,934 - INFO -   数据来源: 状态数据接口
2025-12-09 17:45:40,934 - INFO - ================================================================================
2025-12-09 17:45:40,934 - INFO - 服务状态正常: Available
2025-12-09 17:45:40,935 - INFO - 等待 1800秒后进行下次检测...
2025-12-09 18:15:59,960 - INFO - 开始检测 [2025-12-09 18:15:59]
2025-12-09 18:16:00,055 - DEBUG - Starting new HTTPS connection (1): www.apple.com:443
2025-12-09 18:16:01,186 - DEBUG - https://www.apple.com:443 "GET /support/systemstatus/data/developer/system_status_en_US.js HTTP/1.1" 200 1435
2025-12-09 18:16:01,192 - INFO - 状态数据接口返回：服务正常
2025-12-09 18:16:01,196 - INFO - ================================================================================
2025-12-09 18:16:01,197 - INFO - 检测结果总结 [2025-12-09 18:15:59]
2025-12-09 18:16:01,197 - INFO -   服务名称: App Store - In-App Purchases
2025-12-09 18:16:01,197 - INFO -   检测状态: Available
2025-12-09 18:16:01,197 - INFO -   数据来源: 状态数据接口
2025-12-09 18:16:01,197 - INFO - ================================================================================
2025-12-09 18:16:01,198 - INFO - 服务状态正常: Available
2025-12-09 18:16:01,199 - INFO - 等待 1800秒后进行下次检测...
2025-12-09 23:00:55,405 - INFO - 开始检测 [2025-12-09 23:00:55]
2025-12-09 23:00:55,421 - DEBUG - Starting new HTTPS connection (1): www.apple.com:443
2025-12-09 23:00:55,672 - DEBUG - https://www.apple.com:443 "GET /support/systemstatus/data/developer/system_status_en_US.js HTTP/1.1" 200 1435
2025-12-09 23:00:55,675 - INFO - 状态数据接口返回：服务正常
2025-12-09 23:00:55,679 - INFO - ================================================================================
2025-12-09 23:00:55,679 - INFO - 检测结果总结 [2025-12-09 23:00:55]
2025-12-09 23:00:55,679 - INFO -   服务名称: App Store - In-App Purchases
2025-12-09 23:00:55,679 - INFO -   检测状态: Available
2025-12-09 23:00:55,679 - INFO -   数据来源: 状态数据接口
2025-12-09 23:00:55,680 - INFO - ================================================================================
2025-12-09 23:00:55,680 - INFO - 服务状态正常: Available
2025-12-09 23:00:55,681 - INFO - 等待 1800秒后进行下次检测...
2025-12-10 05:44:34,441 - INFO - 开始检测 [2025-12-10 05:44:34]
2025-12-10 05:44:34,446 - DEBUG - Starting new HTTPS connection (1): www.apple.com:443
2025-12-10 05:44:35,158 - DEBUG - https://www.apple.com:443 "GET /support/systemstatus/data/developer/system_status_en_US.js HTTP/1.1" 200 1408
2025-12-10 05:44:35,161 - INFO - 状态数据接口返回：服务正常
2025-12-10 05:44:35,165 - INFO - ================================================================================
2025-12-10 05:44:35,165 - INFO - 检测结果总结 [2025-12-10 05:44:34]
2025-12-10 05:44:35,165 - INFO -   服务名称: App Store - In-App Purchases
2025-12-10 05:44:35,165 - INFO -   检测状态: Available
2025-12-10 05:44:35,165 - INFO -   数据来源: 状态数据接口
2025-12-10 05:44:35,165 - INFO - ================================================================================
2025-12-10 05:44:35,166 - INFO - 服务状态正常: Available
2025-12-10 05:44:35,167 - INFO - 等待 1800秒后进行下次检测...
2025-12-10 09:06:11,037 - INFO - 开始检测 [2025-12-10 09:06:11]
2025-12-10 09:06:11,054 - DEBUG - Starting new HTTPS connection (1): www.apple.com:443
2025-12-10 09:06:12,000 - DEBUG - https://www.apple.com:443 "GET /support/systemstatus/data/developer/system_status_en_US.js HTTP/1.1" 200 1406
2025-12-10 09:06:12,007 - INFO - 状态数据接口返回：服务正常
2025-12-10 09:06:12,013 - INFO - ================================================================================
2025-12-10 09:06:12,014 - INFO - 检测结果总结 [2025-12-10 09:06:11]
2025-12-10 09:06:12,015 - INFO -   服务名称: App Store - In-App Purchases
2025-12-10 09:06:12,015 - INFO -   检测状态: Available
2025-12-10 09:06:12,015 - INFO -   数据来源: 状态数据接口
2025-12-10 09:06:12,016 - INFO - ================================================================================
2025-12-10 09:06:12,016 - INFO - 服务状态正常: Available
2025-12-10 09:06:12,018 - INFO - 等待 1800秒后进行下次检测...
2025-12-10 09:36:12,001 - INFO - 开始检测 [2025-12-10 09:36:11]
2025-12-10 09:36:12,014 - DEBUG - Starting new HTTPS connection (1): www.apple.com:443
2025-12-10 09:36:12,788 - DEBUG - https://www.apple.com:443 "GET /support/systemstatus/data/developer/system_status_en_US.js HTTP/1.1" 200 1406
2025-12-10 09:36:12,791 - INFO - 状态数据接口返回：服务正常
2025-12-10 09:36:12,794 - INFO - ================================================================================
2025-12-10 09:36:12,795 - INFO - 检测结果总结 [2025-12-10 09:36:11]
2025-12-10 09:36:12,795 - INFO -   服务名称: App Store - In-App Purchases
2025-12-10 09:36:12,795 - INFO -   检测状态: Available
2025-12-10 09:36:12,795 - INFO -   数据来源: 状态数据接口
2025-12-10 09:36:12,795 - INFO - ================================================================================
2025-12-10 09:36:12,796 - INFO - 服务状态正常: Available
2025-12-10 09:36:12,798 - INFO - 等待 1800秒后进行下次检测...
2025-12-10 10:06:12,848 - INFO - 开始检测 [2025-12-10 10:06:12]
2025-12-10 10:06:12,861 - DEBUG - Starting new HTTPS connection (1): www.apple.com:443
2025-12-10 10:06:13,658 - DEBUG - https://www.apple.com:443 "GET /support/systemstatus/data/developer/system_status_en_US.js HTTP/1.1" 200 1406
2025-12-10 10:06:13,661 - INFO - 状态数据接口返回：服务正常
2025-12-10 10:06:13,668 - INFO - ================================================================================
2025-12-10 10:06:13,668 - INFO - 检测结果总结 [2025-12-10 10:06:12]
2025-12-10 10:06:13,669 - INFO -   服务名称: App Store - In-App Purchases
2025-12-10 10:06:13,669 - INFO -   检测状态: Available
2025-12-10 10:06:13,670 - INFO -   数据来源: 状态数据接口
2025-12-10 10:06:13,670 - INFO - ================================================================================
2025-12-10 10:06:13,670 - INFO - 服务状态正常: Available
2025-12-10 10:06:13,674 - INFO - 等待 1800秒后进行下次检测...
2025-12-10 10:36:13,695 - INFO - 开始检测 [2025-12-10 10:36:13]
2025-12-10 10:36:13,722 - DEBUG - Starting new HTTPS connection (1): www.apple.com:443
2025-12-10 10:36:14,052 - DEBUG - https://www.apple.com:443 "GET /support/systemstatus/data/developer/system_status_en_US.js HTTP/1.1" 200 1408
2025-12-10 10:36:14,058 - INFO - 状态数据接口返回：服务正常
2025-12-10 10:36:14,062 - INFO - ================================================================================
2025-12-10 10:36:14,062 - INFO - 检测结果总结 [2025-12-10 10:36:13]
2025-12-10 10:36:14,062 - INFO -   服务名称: App Store - In-App Purchases
2025-12-10 10:36:14,062 - INFO -   检测状态: Available
2025-12-10 10:36:14,062 - INFO -   数据来源: 状态数据接口
2025-12-10 10:36:14,063 - INFO - ================================================================================
2025-12-10 10:36:14,063 - INFO - 服务状态正常: Available
2025-12-10 10:36:14,064 - INFO - 等待 1800秒后进行下次检测...
2025-12-10 11:06:14,082 - INFO - 开始检测 [2025-12-10 11:06:14]
2025-12-10 11:06:14,098 - DEBUG - Starting new HTTPS connection (1): www.apple.com:443
2025-12-10 11:06:15,151 - DEBUG - https://www.apple.com:443 "GET /support/systemstatus/data/developer/system_status_en_US.js HTTP/1.1" 200 1408
2025-12-10 11:06:15,156 - INFO - 状态数据接口返回：服务正常
2025-12-10 11:06:15,164 - INFO - ================================================================================
2025-12-10 11:06:15,165 - INFO - 检测结果总结 [2025-12-10 11:06:14]
2025-12-10 11:06:15,165 - INFO -   服务名称: App Store - In-App Purchases
2025-12-10 11:06:15,165 - INFO -   检测状态: Available
2025-12-10 11:06:15,166 - INFO -   数据来源: 状态数据接口
2025-12-10 11:06:15,166 - INFO - ================================================================================
2025-12-10 11:06:15,166 - INFO - 服务状态正常: Available
2025-12-10 11:06:15,169 - INFO - 等待 1800秒后进行下次检测...
2025-12-10 11:36:15,173 - INFO - 开始检测 [2025-12-10 11:36:15]
2025-12-10 11:36:15,184 - DEBUG - Starting new HTTPS connection (1): www.apple.com:443
2025-12-10 11:36:16,078 - DEBUG - https://www.apple.com:443 "GET /support/systemstatus/data/developer/system_status_en_US.js HTTP/1.1" 200 1408
2025-12-10 11:36:16,081 - INFO - 状态数据接口返回：服务正常
2025-12-10 11:36:16,084 - INFO - ================================================================================
2025-12-10 11:36:16,085 - INFO - 检测结果总结 [2025-12-10 11:36:15]
2025-12-10 11:36:16,085 - INFO -   服务名称: App Store - In-App Purchases
2025-12-10 11:36:16,085 - INFO -   检测状态: Available
2025-12-10 11:36:16,085 - INFO -   数据来源: 状态数据接口
2025-12-10 11:36:16,085 - INFO - ================================================================================
2025-12-10 11:36:16,086 - INFO - 服务状态正常: Available
2025-12-10 11:36:16,088 - INFO - 等待 1800秒后进行下次检测...
2025-12-10 12:06:16,088 - INFO - 开始检测 [2025-12-10 12:06:16]
2025-12-10 12:06:16,103 - DEBUG - Starting new HTTPS connection (1): www.apple.com:443
2025-12-10 12:06:16,867 - DEBUG - https://www.apple.com:443 "GET /support/systemstatus/data/developer/system_status_en_US.js HTTP/1.1" 200 1408
2025-12-10 12:06:16,871 - INFO - 状态数据接口返回：服务正常
2025-12-10 12:06:16,878 - INFO - ================================================================================
2025-12-10 12:06:16,879 - INFO - 检测结果总结 [2025-12-10 12:06:16]
2025-12-10 12:06:16,879 - INFO -   服务名称: App Store - In-App Purchases
2025-12-10 12:06:16,879 - INFO -   检测状态: Available
2025-12-10 12:06:16,880 - INFO -   数据来源: 状态数据接口
2025-12-10 12:06:16,881 - INFO - ================================================================================
2025-12-10 12:06:16,881 - INFO - 服务状态正常: Available
2025-12-10 12:06:16,883 - INFO - 等待 1800秒后进行下次检测...
2025-12-10 12:36:16,845 - INFO - 开始检测 [2025-12-10 12:36:16]
2025-12-10 12:36:16,857 - DEBUG - Starting new HTTPS connection (1): www.apple.com:443
2025-12-10 12:36:18,062 - DEBUG - https://www.apple.com:443 "GET /support/systemstatus/data/developer/system_status_en_US.js HTTP/1.1" 200 1406
2025-12-10 12:36:18,067 - INFO - 状态数据接口返回：服务正常
2025-12-10 12:36:18,074 - INFO - ================================================================================
2025-12-10 12:36:18,075 - INFO - 检测结果总结 [2025-12-10 12:36:16]
2025-12-10 12:36:18,075 - INFO -   服务名称: App Store - In-App Purchases
2025-12-10 12:36:18,075 - INFO -   检测状态: Available
2025-12-10 12:36:18,075 - INFO -   数据来源: 状态数据接口
2025-12-10 12:36:18,075 - INFO - ================================================================================
2025-12-10 12:36:18,076 - INFO - 服务状态正常: Available
2025-12-10 12:36:18,078 - INFO - 等待 1800秒后进行下次检测...
2025-12-10 14:22:17,737 - INFO - 开始检测 [2025-12-10 14:22:17]
2025-12-10 14:22:17,764 - DEBUG - Starting new HTTPS connection (1): www.apple.com:443
2025-12-10 14:22:18,866 - DEBUG - https://www.apple.com:443 "GET /support/systemstatus/data/developer/system_status_en_US.js HTTP/1.1" 200 1408
2025-12-10 14:22:18,875 - INFO - 状态数据接口返回：服务正常
2025-12-10 14:22:18,880 - INFO - ================================================================================
2025-12-10 14:22:18,880 - INFO - 检测结果总结 [2025-12-10 14:22:17]
2025-12-10 14:22:18,881 - INFO -   服务名称: App Store - In-App Purchases
2025-12-10 14:22:18,881 - INFO -   检测状态: Available
2025-12-10 14:22:18,881 - INFO -   数据来源: 状态数据接口
2025-12-10 14:22:18,881 - INFO - ================================================================================
2025-12-10 14:22:18,881 - INFO - 服务状态正常: Available
2025-12-10 14:22:18,883 - INFO - 等待 1800秒后进行下次检测...
2025-12-10 14:52:18,907 - INFO - 开始检测 [2025-12-10 14:52:18]
2025-12-10 14:52:18,932 - DEBUG - Starting new HTTPS connection (1): www.apple.com:443
2025-12-10 14:52:20,424 - DEBUG - https://www.apple.com:443 "GET /support/systemstatus/data/developer/system_status_en_US.js HTTP/1.1" 200 1408
2025-12-10 14:52:20,434 - INFO - 状态数据接口返回：服务正常
2025-12-10 14:52:20,440 - INFO - ================================================================================
2025-12-10 14:52:20,440 - INFO - 检测结果总结 [2025-12-10 14:52:18]
2025-12-10 14:52:20,440 - INFO -   服务名称: App Store - In-App Purchases
2025-12-10 14:52:20,441 - INFO -   检测状态: Available
2025-12-10 14:52:20,441 - INFO -   数据来源: 状态数据接口
2025-12-10 14:52:20,441 - INFO - ================================================================================
2025-12-10 14:52:20,441 - INFO - 服务状态正常: Available
2025-12-10 14:52:20,443 - INFO - 等待 1800秒后进行下次检测...
2025-12-10 15:22:20,424 - INFO - 开始检测 [2025-12-10 15:22:20]
2025-12-10 15:22:20,446 - DEBUG - Starting new HTTPS connection (1): www.apple.com:443
2025-12-10 15:22:21,287 - DEBUG - https://www.apple.com:443 "GET /support/systemstatus/data/developer/system_status_en_US.js HTTP/1.1" 200 1408
2025-12-10 15:22:21,296 - INFO - 状态数据接口返回：服务正常
2025-12-10 15:22:21,300 - INFO - ================================================================================
2025-12-10 15:22:21,300 - INFO - 检测结果总结 [2025-12-10 15:22:20]
2025-12-10 15:22:21,300 - INFO -   服务名称: App Store - In-App Purchases
2025-12-10 15:22:21,300 - INFO -   检测状态: Available
2025-12-10 15:22:21,300 - INFO -   数据来源: 状态数据接口
2025-12-10 15:22:21,300 - INFO - ================================================================================
2025-12-10 15:22:21,301 - INFO - 服务状态正常: Available
2025-12-10 15:22:21,302 - INFO - 等待 1800秒后进行下次检测...
2025-12-10 15:52:21,266 - INFO - 开始检测 [2025-12-10 15:52:21]
2025-12-10 15:52:21,297 - DEBUG - Starting new HTTPS connection (1): www.apple.com:443
2025-12-10 15:52:23,064 - DEBUG - https://www.apple.com:443 "GET /support/systemstatus/data/developer/system_status_en_US.js HTTP/1.1" 200 1406
2025-12-10 15:52:23,072 - INFO - 状态数据接口返回：服务正常
2025-12-10 15:52:23,076 - INFO - ================================================================================
2025-12-10 15:52:23,077 - INFO - 检测结果总结 [2025-12-10 15:52:21]
2025-12-10 15:52:23,077 - INFO -   服务名称: App Store - In-App Purchases
2025-12-10 15:52:23,077 - INFO -   检测状态: Available
2025-12-10 15:52:23,078 - INFO -   数据来源: 状态数据接口
2025-12-10 15:52:23,078 - INFO - ================================================================================
2025-12-10 15:52:23,078 - INFO - 服务状态正常: Available
2025-12-10 15:52:23,080 - INFO - 等待 1800秒后进行下次检测...
2025-12-10 16:22:23,059 - INFO - 开始检测 [2025-12-10 16:22:23]
2025-12-10 16:22:23,084 - DEBUG - Starting new HTTPS connection (1): www.apple.com:443
2025-12-10 16:22:23,905 - DEBUG - https://www.apple.com:443 "GET /support/systemstatus/data/developer/system_status_en_US.js HTTP/1.1" 200 1406
2025-12-10 16:22:23,914 - INFO - 状态数据接口返回：服务正常
2025-12-10 16:22:23,921 - INFO - ================================================================================
2025-12-10 16:22:23,921 - INFO - 检测结果总结 [2025-12-10 16:22:23]
2025-12-10 16:22:23,921 - INFO -   服务名称: App Store - In-App Purchases
2025-12-10 16:22:23,922 - INFO -   检测状态: Available
2025-12-10 16:22:23,922 - INFO -   数据来源: 状态数据接口
2025-12-10 16:22:23,922 - INFO - ================================================================================
2025-12-10 16:22:23,922 - INFO - 服务状态正常: Available
2025-12-10 16:22:23,924 - INFO - 等待 1800秒后进行下次检测...
2025-12-10 16:52:24,091 - INFO - 开始检测 [2025-12-10 16:52:24]
2025-12-10 16:52:24,106 - DEBUG - Starting new HTTPS connection (1): www.apple.com:443
2025-12-10 16:52:24,971 - DEBUG - https://www.apple.com:443 "GET /support/systemstatus/data/developer/system_status_en_US.js HTTP/1.1" 200 1406
2025-12-10 16:52:24,975 - INFO - 状态数据接口返回：服务正常
2025-12-10 16:52:24,981 - INFO - ================================================================================
2025-12-10 16:52:24,981 - INFO - 检测结果总结 [2025-12-10 16:52:24]
2025-12-10 16:52:24,982 - INFO -   服务名称: App Store - In-App Purchases
2025-12-10 16:52:24,982 - INFO -   检测状态: Available
2025-12-10 16:52:24,982 - INFO -   数据来源: 状态数据接口
2025-12-10 16:52:24,982 - INFO - ================================================================================
2025-12-10 16:52:24,983 - INFO - 服务状态正常: Available
2025-12-10 16:52:24,985 - INFO - 等待 1800秒后进行下次检测...
2025-12-10 17:22:25,047 - INFO - 开始检测 [2025-12-10 17:22:25]
2025-12-10 17:22:25,072 - DEBUG - Starting new HTTPS connection (1): www.apple.com:443
2025-12-10 17:22:25,896 - DEBUG - https://www.apple.com:443 "GET /support/systemstatus/data/developer/system_status_en_US.js HTTP/1.1" 200 1408
2025-12-10 17:22:25,905 - INFO - 状态数据接口返回：服务正常
2025-12-10 17:22:25,911 - INFO - ================================================================================
2025-12-10 17:22:25,911 - INFO - 检测结果总结 [2025-12-10 17:22:25]
2025-12-10 17:22:25,912 - INFO -   服务名称: App Store - In-App Purchases
2025-12-10 17:22:25,912 - INFO -   检测状态: Available
2025-12-10 17:22:25,912 - INFO -   数据来源: 状态数据接口
2025-12-10 17:22:25,912 - INFO - ================================================================================
2025-12-10 17:22:25,913 - INFO - 服务状态正常: Available
2025-12-10 17:22:25,915 - INFO - 等待 1800秒后进行下次检测...
